Starting training 
Train on 19190 samples, validate on 9452 samples
Epoch 1/100

   50/19190 [..............................] - ETA: 4:05 - loss: 0.1755 - acc: 0.9583
 1400/19190 [=>............................] - ETA: 8s - loss: 0.1487 - acc: 0.9583  
 2950/19190 [===>..........................] - ETA: 4s - loss: 0.1375 - acc: 0.9583
 4500/19190 [======>.......................] - ETA: 2s - loss: 0.1322 - acc: 0.9582
 5800/19190 [========>.....................] - ETA: 1s - loss: 0.1291 - acc: 0.9582
 7350/19190 [==========>...................] - ETA: 1s - loss: 0.1272 - acc: 0.9583
 8900/19190 [============>.................] - ETA: 1s - loss: 0.1255 - acc: 0.9583
10500/19190 [===============>..............] - ETA: 0s - loss: 0.1243 - acc: 0.9584
12100/19190 [=================>............] - ETA: 0s - loss: 0.1231 - acc: 0.9584
13700/19190 [====================>.........] - ETA: 0s - loss: 0.1222 - acc: 0.9585
15200/19190 [======================>.......] - ETA: 0s - loss: 0.1214 - acc: 0.9586
16650/19190 [=========================>....] - ETA: 0s - loss: 0.1209 - acc: 0.9586
18250/19190 [===========================>..] - ETA: 0s - loss: 0.1204 - acc: 0.9587
19190/19190 [==============================] - 1s 75us/step - loss: 0.1202 - acc: 0.9587 - val_loss: 0.1140 - val_acc: 0.9593
Epoch 2/100

   50/19190 [..............................] - ETA: 0s - loss: 0.1125 - acc: 0.9575
 1650/19190 [=>............................] - ETA: 0s - loss: 0.1138 - acc: 0.9594
 3200/19190 [====>.........................] - ETA: 0s - loss: 0.1140 - acc: 0.9594
 4750/19190 [======>.......................] - ETA: 0s - loss: 0.1141 - acc: 0.9594
 6300/19190 [========>.....................] - ETA: 0s - loss: 0.1139 - acc: 0.9594
 7850/19190 [===========>..................] - ETA: 0s - loss: 0.1140 - acc: 0.9593
 9400/19190 [=============>................] - ETA: 0s - loss: 0.1143 - acc: 0.9593
11000/19190 [================>.............] - ETA: 0s - loss: 0.1142 - acc: 0.9593
12400/19190 [==================>...........] - ETA: 0s - loss: 0.1139 - acc: 0.9593
13900/19190 [====================>.........] - ETA: 0s - loss: 0.1137 - acc: 0.9593
15500/19190 [=======================>......] - ETA: 0s - loss: 0.1139 - acc: 0.9592
17100/19190 [=========================>....] - ETA: 0s - loss: 0.1140 - acc: 0.9593
18700/19190 [============================>.] - ETA: 0s - loss: 0.1139 - acc: 0.9593
19190/19190 [==============================] - 1s 38us/step - loss: 0.1139 - acc: 0.9593 - val_loss: 0.1123 - val_acc: 0.9594
Epoch 3/100

   50/19190 [..............................] - ETA: 0s - loss: 0.1094 - acc: 0.9600
 1550/19190 [=>............................] - ETA: 0s - loss: 0.1122 - acc: 0.9596
 3100/19190 [===>..........................] - ETA: 0s - loss: 0.1125 - acc: 0.9595
 4600/19190 [======>.......................] - ETA: 0s - loss: 0.1121 - acc: 0.9596
 5700/19190 [=======>......................] - ETA: 0s - loss: 0.1122 - acc: 0.9596
 7200/19190 [==========>...................] - ETA: 0s - loss: 0.1117 - acc: 0.9596
 8700/19190 [============>.................] - ETA: 0s - loss: 0.1122 - acc: 0.9595
10250/19190 [===============>..............] - ETA: 0s - loss: 0.1119 - acc: 0.9595
11800/19190 [=================>............] - ETA: 0s - loss: 0.1122 - acc: 0.9595
13350/19190 [===================>..........] - ETA: 0s - loss: 0.1122 - acc: 0.9594
14900/19190 [======================>.......] - ETA: 0s - loss: 0.1122 - acc: 0.9594
16450/19190 [========================>.....] - ETA: 0s - loss: 0.1120 - acc: 0.9595
18000/19190 [===========================>..] - ETA: 0s - loss: 0.1121 - acc: 0.9594
19190/19190 [==============================] - 1s 40us/step - loss: 0.1121 - acc: 0.9594 - val_loss: 0.1117 - val_acc: 0.9591
Epoch 4/100

   50/19190 [..............................] - ETA: 0s - loss: 0.1265 - acc: 0.9558
 1550/19190 [=>............................] - ETA: 0s - loss: 0.1140 - acc: 0.9594
 3100/19190 [===>..........................] - ETA: 0s - loss: 0.1126 - acc: 0.9595
 4650/19190 [======>.......................] - ETA: 0s - loss: 0.1119 - acc: 0.9597
 6150/19190 [========>.....................] - ETA: 0s - loss: 0.1117 - acc: 0.9597
 7650/19190 [==========>...................] - ETA: 0s - loss: 0.1118 - acc: 0.9595
 9200/19190 [=============>................] - ETA: 0s - loss: 0.1115 - acc: 0.9597
10700/19190 [===============>..............] - ETA: 0s - loss: 0.1111 - acc: 0.9598
12250/19190 [==================>...........] - ETA: 0s - loss: 0.1113 - acc: 0.9597
13450/19190 [====================>.........] - ETA: 0s - loss: 0.1113 - acc: 0.9597
15000/19190 [======================>.......] - ETA: 0s - loss: 0.1111 - acc: 0.9597
16600/19190 [========================>.....] - ETA: 0s - loss: 0.1111 - acc: 0.9597
18150/19190 [===========================>..] - ETA: 0s - loss: 0.1112 - acc: 0.9597
19190/19190 [==============================] - 1s 38us/step - loss: 0.1111 - acc: 0.9597 - val_loss: 0.1108 - val_acc: 0.9594
Epoch 5/100

   50/19190 [..............................] - ETA: 0s - loss: 0.1031 - acc: 0.9633
 1650/19190 [=>............................] - ETA: 0s - loss: 0.1094 - acc: 0.9597
 3250/19190 [====>.........................] - ETA: 0s - loss: 0.1100 - acc: 0.9598
 4850/19190 [======>.......................] - ETA: 0s - loss: 0.1104 - acc: 0.9597
 6150/19190 [========>.....................] - ETA: 0s - loss: 0.1104 - acc: 0.9597
 7600/19190 [==========>...................] - ETA: 0s - loss: 0.1104 - acc: 0.9597
 9200/19190 [=============>................] - ETA: 0s - loss: 0.1105 - acc: 0.9597
10750/19190 [===============>..............] - ETA: 0s - loss: 0.1108 - acc: 0.9597
12350/19190 [==================>...........] - ETA: 0s - loss: 0.1110 - acc: 0.9596
13950/19190 [====================>.........] - ETA: 0s - loss: 0.1110 - acc: 0.9596
15500/19190 [=======================>......] - ETA: 0s - loss: 0.1108 - acc: 0.9596
17100/19190 [=========================>....] - ETA: 0s - loss: 0.1108 - acc: 0.9596
18650/19190 [============================>.] - ETA: 0s - loss: 0.1107 - acc: 0.9597
19190/19190 [==============================] - 1s 38us/step - loss: 0.1108 - acc: 0.9596 - val_loss: 0.1110 - val_acc: 0.9595
Epoch 6/100

   50/19190 [..............................] - ETA: 0s - loss: 0.1160 - acc: 0.9608
 1600/19190 [=>............................] - ETA: 0s - loss: 0.1090 - acc: 0.9603
 3200/19190 [====>.........................] - ETA: 0s - loss: 0.1102 - acc: 0.9597
 4750/19190 [======>.......................] - ETA: 0s - loss: 0.1102 - acc: 0.9597
 6300/19190 [========>.....................] - ETA: 0s - loss: 0.1104 - acc: 0.9596
 7850/19190 [===========>..................] - ETA: 0s - loss: 0.1102 - acc: 0.9597
 9400/19190 [=============>................] - ETA: 0s - loss: 0.1099 - acc: 0.9597
11000/19190 [================>.............] - ETA: 0s - loss: 0.1101 - acc: 0.9598
12550/19190 [==================>...........] - ETA: 0s - loss: 0.1100 - acc: 0.9597
14000/19190 [====================>.........] - ETA: 0s - loss: 0.1102 - acc: 0.9598
15300/19190 [======================>.......] - ETA: 0s - loss: 0.1101 - acc: 0.9598
16750/19190 [=========================>....] - ETA: 0s - loss: 0.1102 - acc: 0.9597
18250/19190 [===========================>..] - ETA: 0s - loss: 0.1103 - acc: 0.9597
19190/19190 [==============================] - 1s 38us/step - loss: 0.1102 - acc: 0.9597 - val_loss: 0.1100 - val_acc: 0.9597
Epoch 7/100

   50/19190 [..............................] - ETA: 0s - loss: 0.1098 - acc: 0.9592
 1600/19190 [=>............................] - ETA: 0s - loss: 0.1092 - acc: 0.9602
 3150/19190 [===>..........................] - ETA: 0s - loss: 0.1091 - acc: 0.9604
 4700/19190 [======>.......................] - ETA: 0s - loss: 0.1096 - acc: 0.9602
 6300/19190 [========>.....................] - ETA: 0s - loss: 0.1094 - acc: 0.9603
 7400/19190 [==========>...................] - ETA: 0s - loss: 0.1096 - acc: 0.9601
 8950/19190 [============>.................] - ETA: 0s - loss: 0.1098 - acc: 0.9600
10500/19190 [===============>..............] - ETA: 0s - loss: 0.1098 - acc: 0.9599
12100/19190 [=================>............] - ETA: 0s - loss: 0.1098 - acc: 0.9599
13650/19190 [====================>.........] - ETA: 0s - loss: 0.1097 - acc: 0.9599
15200/19190 [======================>.......] - ETA: 0s - loss: 0.1097 - acc: 0.9599
16200/19190 [========================>.....] - ETA: 0s - loss: 0.1097 - acc: 0.9598
17400/19190 [==========================>...] - ETA: 0s - loss: 0.1097 - acc: 0.9598
18850/19190 [============================>.] - ETA: 0s - loss: 0.1097 - acc: 0.9598
19190/19190 [==============================] - 1s 40us/step - loss: 0.1097 - acc: 0.9598 - val_loss: 0.1093 - val_acc: 0.9596
Epoch 8/100

   50/19190 [..............................] - ETA: 0s - loss: 0.1165 - acc: 0.9583
 1600/19190 [=>............................] - ETA: 0s - loss: 0.1083 - acc: 0.9598
 3100/19190 [===>..........................] - ETA: 0s - loss: 0.1084 - acc: 0.9597
 4600/19190 [======>.......................] - ETA: 0s - loss: 0.1083 - acc: 0.9600
 6100/19190 [========>.....................] - ETA: 0s - loss: 0.1084 - acc: 0.9599
 7600/19190 [==========>...................] - ETA: 0s - loss: 0.1079 - acc: 0.9600
 9150/19190 [=============>................] - ETA: 0s - loss: 0.1083 - acc: 0.9599
10700/19190 [===============>..............] - ETA: 0s - loss: 0.1085 - acc: 0.9599
12200/19190 [==================>...........] - ETA: 0s - loss: 0.1089 - acc: 0.9599
13600/19190 [====================>.........] - ETA: 0s - loss: 0.1086 - acc: 0.9600
14950/19190 [======================>.......] - ETA: 0s - loss: 0.1088 - acc: 0.9600
16500/19190 [========================>.....] - ETA: 0s - loss: 0.1089 - acc: 0.9599
18050/19190 [===========================>..] - ETA: 0s - loss: 0.1091 - acc: 0.9599
19190/19190 [==============================] - 1s 39us/step - loss: 0.1093 - acc: 0.9598 - val_loss: 0.1090 - val_acc: 0.9598
Epoch 9/100

   50/19190 [..............................] - ETA: 0s - loss: 0.1028 - acc: 0.9642
 1550/19190 [=>............................] - ETA: 0s - loss: 0.1086 - acc: 0.9595
 3050/19190 [===>..........................] - ETA: 0s - loss: 0.1092 - acc: 0.9595
 4600/19190 [======>.......................] - ETA: 0s - loss: 0.1089 - acc: 0.9598
 6150/19190 [========>.....................] - ETA: 0s - loss: 0.1096 - acc: 0.9597
 7400/19190 [==========>...................] - ETA: 0s - loss: 0.1100 - acc: 0.9597
 8950/19190 [============>.................] - ETA: 0s - loss: 0.1097 - acc: 0.9597
10500/19190 [===============>..............] - ETA: 0s - loss: 0.1096 - acc: 0.9597
12050/19190 [=================>............] - ETA: 0s - loss: 0.1096 - acc: 0.9597
13600/19190 [====================>.........] - ETA: 0s - loss: 0.1095 - acc: 0.9597
15100/19190 [======================>.......] - ETA: 0s - loss: 0.1093 - acc: 0.9598
16600/19190 [========================>.....] - ETA: 0s - loss: 0.1091 - acc: 0.9598
18000/19190 [===========================>..] - ETA: 0s - loss: 0.1091 - acc: 0.9598
19190/19190 [==============================] - 1s 40us/step - loss: 0.1092 - acc: 0.9598 - val_loss: 0.1088 - val_acc: 0.9599
Epoch 10/100

   50/19190 [..............................] - ETA: 0s - loss: 0.1083 - acc: 0.9592
 1550/19190 [=>............................] - ETA: 0s - loss: 0.1099 - acc: 0.9603
 3000/19190 [===>..........................] - ETA: 0s - loss: 0.1092 - acc: 0.9602
 4400/19190 [=====>........................] - ETA: 0s - loss: 0.1090 - acc: 0.9600